<?xml version="1.0" encoding="UTF-8"?>
<testng-results skipped="0" failed="0" ignored="0" total="1" passed="1">
  <reporter-output>
  </reporter-output>
  <suite name="Suite" duration-ms="18218" started-at="2022-11-28T12:41:35 GST" finished-at="2022-11-28T12:41:54 GST">
    <groups>
    </groups>
    <test name="Test" duration-ms="18218" started-at="2022-11-28T12:41:35 GST" finished-at="2022-11-28T12:41:54 GST">
      <class name="appiumcourse.AppiumBasicsnew">
        <test-method status="PASS" signature="Check()[pri:0, instance:appiumcourse.AppiumBasicsnew@f8c1ddd]" name="Check" duration-ms="17950" started-at="2022-11-28T12:41:35 GST" finished-at="2022-11-28T12:41:53 GST">
          <reporter-output>
          </reporter-output>
        </test-method> <!-- Check -->
      </class> <!-- appiumcourse.AppiumBasicsnew -->
    </test> <!-- Test -->
  </suite> <!-- Suite -->
</testng-results>
