<?xml version="1.0" encoding="UTF-8"?>
<testng-results ignored="0" total="1" passed="1" failed="0" skipped="0">
  <reporter-output>
  </reporter-output>
  <suite started-at="2022-10-31T20:53:30 GST" name="Default suite" finished-at="2022-10-31T20:53:53 GST" duration-ms="22504">
    <groups>
    </groups>
    <test started-at="2022-10-31T20:53:30 GST" name="Default test" finished-at="2022-10-31T20:53:53 GST" duration-ms="22504">
      <class name="appiumcourse.GeneralStore">
        <test-method signature="checkCountry()[pri:0, instance:appiumcourse.GeneralStore@404bbcbd]" started-at="2022-10-31T20:53:30 GST" name="checkCountry" finished-at="2022-10-31T20:53:52 GST" duration-ms="22229" status="PASS">
          <reporter-output>
          </reporter-output>
        </test-method> <!-- checkCountry -->
      </class> <!-- appiumcourse.GeneralStore -->
    </test> <!-- Default test -->
  </suite> <!-- Default suite -->
</testng-results>
