<?xml version="1.0" encoding="UTF-8"?>
<testng-results ignored="0" total="1" passed="1" failed="0" skipped="0">
  <reporter-output>
  </reporter-output>
  <suite started-at="2022-11-28T12:10:34 GST" name="Suite" finished-at="2022-11-28T12:10:51 GST" duration-ms="16720">
    <groups>
    </groups>
    <test started-at="2022-11-28T12:10:34 GST" name="Test" finished-at="2022-11-28T12:10:51 GST" duration-ms="16720">
      <class name="appiumcourse.AppiumBasicsnew">
        <test-method signature="Check()[pri:0, instance:appiumcourse.AppiumBasicsnew@404bbcbd]" started-at="2022-11-28T12:10:35 GST" name="Check" finished-at="2022-11-28T12:10:51 GST" duration-ms="16487" status="PASS">
          <reporter-output>
          </reporter-output>
        </test-method> <!-- Check -->
      </class> <!-- appiumcourse.AppiumBasicsnew -->
    </test> <!-- Test -->
  </suite> <!-- Suite -->
</testng-results>
